2024-04-16 21:10:56.930 I [MediaServer] [88520-7968903168] System.cpp:177 systemSetup | core文件大小设置为:9223372036854775807
2024-04-16 21:10:56.930 I [MediaServer] [88520-7968903168] System.cpp:186 systemSetup | 文件最大描述符个数设置为:9223372036854775807
2024-04-16 21:10:56.930 I [MediaServer] [88520-7968903168] main.cpp:261 start_main | ZLMediaKit(git hash:/,branch:,build time:2024-04-16T14:12:02)
2024-04-16 21:10:56.930 I [MediaServer] [88520-7968903168] config.cpp:37 loadIniConfig | dump ini file to:/Users/kevinyu/Desktop/graduationProject/videoAnalyzer_git/config.ini
2024-04-16 21:10:56.958 W [MediaServer] [88520-7968903168] SSLUtil.cpp:100 loadPublicKey | BIO_new_file failed: error:80000002:system library::No such file or directory
2024-04-16 21:10:56.958 W [MediaServer] [88520-7968903168] SSLUtil.cpp:128 loadPrivateKey | BIO_new_file failed: error:10000080:BIO routines::no such file
2024-04-16 21:10:56.958 W [MediaServer] [88520-7968903168] SSLUtil.cpp:202 makeSSLContext | SSL_CTX_check_private_key failed: error:80000002:system library::No such file or directory
2024-04-16 21:10:56.959 D [MediaServer] [88520-stamp thread] util.cpp:366 operator() | Stamp thread started
2024-04-16 21:10:56.959 I [MediaServer] [88520-7968903168] EventPoller.cpp:470 EventPollerPool | EventPoller created size: 8
2024-04-16 21:10:56.959 W [MediaServer] [88520-7968903168] main.cpp:359 start_main | The api.secret is invalid, modified it to: 9HVUj5cm69eQ8KhWnpAv0H9cuBWatxx0, saved config file: /Users/kevinyu/Desktop/graduationProject/videoAnalyzer_git/config.ini
2024-04-16 21:10:56.959 I [MediaServer] [88520-7968903168] TcpServer.cpp:214 start_l | TCP server listening on [::]: 554
2024-04-16 21:10:56.959 I [MediaServer] [88520-7968903168] TcpServer.cpp:214 start_l | TCP server listening on [::]: 332
2024-04-16 21:10:56.960 I [MediaServer] [88520-7968903168] TcpServer.cpp:214 start_l | TCP server listening on [::]: 1935
2024-04-16 21:10:56.960 I [MediaServer] [88520-7968903168] TcpServer.cpp:214 start_l | TCP server listening on [::]: 19350
2024-04-16 21:10:56.960 I [MediaServer] [88520-7968903168] TcpServer.cpp:214 start_l | TCP server listening on [::]: 80
2024-04-16 21:10:56.960 I [MediaServer] [88520-7968903168] TcpServer.cpp:214 start_l | TCP server listening on [::]: 443
2024-04-16 21:10:56.960 I [MediaServer] [88520-7968903168] TcpServer.cpp:214 start_l | TCP server listening on [::]: 9000
2024-04-16 21:10:56.960 I [MediaServer] [88520-7968903168] TcpServer.cpp:214 start_l | TCP server listening on [::]: 10000
2024-04-16 21:10:56.960 I [MediaServer] [88520-7968903168] UdpServer.cpp:108 start_l | UDP server bind to [::]: 10000
2024-04-16 21:10:56.960 I [MediaServer] [88520-7968903168] UdpServer.cpp:108 start_l | UDP server bind to [::]: 9000
2024-04-16 21:10:56.961 I [MediaServer] [88520-7968903168] main.cpp:411 start_main | 已启动http api 接口
2024-04-16 21:10:56.961 I [MediaServer] [88520-7968903168] main.cpp:413 start_main | 已启动http hook 接口
2024-04-16 21:11:00.529 D [MediaServer] [88520-event poller 0] MediaSink.cpp:150 emitAllTrackReady | All track ready use 2ms
2024-04-16 21:11:00.529 I [MediaServer] [88520-event poller 0] MediaSource.cpp:503 emitEvent | 媒体注册:fmp4://__defaultVhost__/live/test
2024-04-16 21:11:00.529 I [MediaServer] [88520-event poller 0] MultiMediaSourceMuxer.cpp:444 onAllTrackReady | stream: rtsp://127.0.0.1:554/live/test , codec info: mpeg4-generic[8000/1/16] H264[1920/1080/30] 
2024-04-16 21:11:00.529 I [MediaServer] [88520-event poller 0] MediaSource.cpp:503 emitEvent | 媒体注册:rtmp://__defaultVhost__/live/test
2024-04-16 21:11:00.529 I [MediaServer] [88520-event poller 0] MediaSource.cpp:503 emitEvent | 媒体注册:ts://__defaultVhost__/live/test
2024-04-16 21:11:00.529 I [MediaServer] [88520-event poller 0] MediaSource.cpp:503 emitEvent | 媒体注册:rtsp://__defaultVhost__/live/test
2024-04-16 21:11:04.334 I [MediaServer] [88520-event poller 0] MediaSource.cpp:503 emitEvent | 媒体注册:hls://__defaultVhost__/live/test
2024-04-16 22:29:59.698 W [MediaServer] [88520-stamp thread] util.cpp:385 operator() | Stamp expired is abnormal: -125948
2024-04-16 23:02:48.200 W [MediaServer] [88520-stamp thread] util.cpp:385 operator() | Stamp expired is abnormal: 2340469
2024-04-16 23:12:07.969 W [MediaServer] [88520-stamp thread] util.cpp:385 operator() | Stamp expired is abnormal: 512067989
2024-04-16 23:12:07.972 W [MediaServer] [88520-event poller 0] Stamp.cpp:298 getNtpStampUS | rtp stamp abnormal reduced:3298412399 -> 3252377246
2024-04-16 23:16:38.049 W [MediaServer] [88520-stamp thread] util.cpp:385 operator() | Stamp expired is abnormal: 223255756
2024-04-16 23:16:38.054 W [MediaServer] [88520-event poller 0] Stamp.cpp:298 getNtpStampUS | rtp stamp abnormal reduced:3322719779 -> 3302678081
